[NX v21.1.1 Daemon Server] - 2025-05-22T16:20:45.638Z - Started listening on: /var/folders/kd/5jwp505142qb9n4f9_42442m0000gn/T/e5d863d051c836149d9c/d.sock
[NX v21.1.1 Daemon Server] - 2025-05-22T16:20:45.641Z - [WATCHER]: Subscribed to changes within: /Users/jonathannorris/git/js-sdks (native)
[NX v21.1.1 Daemon Server] - 2025-05-22T16:20:45.642Z - Established a connection. Number of open connections: 1
[NX v21.1.1 Daemon Server] - 2025-05-22T16:20:45.643Z - Established a connection. Number of open connections: 2
[NX v21.1.1 Daemon Server] - 2025-05-22T16:20:45.644Z - Closed a connection. Number of open connections: 1
[NX v21.1.1 Daemon Server] - 2025-05-22T16:20:45.645Z - [REQUEST]: Responding to the client. Shutdown initiated
[NX v21.1.1 Daemon Server] - 2025-05-22T16:20:45.645Z - Done responding to the client Shutdown initiated
[NX v21.1.1 Daemon Server] - 2025-05-22T16:20:45.645Z - Handled FORCE_SHUTDOWN. Handling time: 0. Response time: 0.
[NX v21.1.1 Daemon Server] - 2025-05-22T16:20:45.646Z - Closed a connection. Number of open connections: 0
[NX v21.1.1 Daemon Server] - 2025-05-22T16:20:45.647Z - [WATCHER]: Stopping the watcher for /Users/jonathannorris/git/js-sdks (sources)
[NX v21.1.1 Daemon Server] - 2025-05-22T16:20:45.647Z - [WATCHER]: Stopping the watcher for /Users/jonathannorris/git/js-sdks (outputs)
[NX v21.1.1 Daemon Server] - 2025-05-22T16:20:45.647Z - Server stopped because: "Request to shutdown"
[NX v21.1.1 Daemon Server] - 2025-05-22T16:28:23.937Z - Started listening on: /var/folders/kd/5jwp505142qb9n4f9_42442m0000gn/T/e5d863d051c836149d9c/d.sock
[NX v21.1.1 Daemon Server] - 2025-05-22T16:28:23.940Z - [WATCHER]: Subscribed to changes within: /Users/jonathannorris/git/js-sdks (native)
[NX v21.1.1 Daemon Server] - 2025-05-22T16:28:23.941Z - Established a connection. Number of open connections: 1
[NX v21.1.1 Daemon Server] - 2025-05-22T16:28:23.941Z - Established a connection. Number of open connections: 2
[NX v21.1.1 Daemon Server] - 2025-05-22T16:28:23.942Z - Closed a connection. Number of open connections: 1
[NX v21.1.1 Daemon Server] - 2025-05-22T16:28:23.943Z - [REQUEST]: Responding to the client. Shutdown initiated
[NX v21.1.1 Daemon Server] - 2025-05-22T16:28:23.943Z - Done responding to the client Shutdown initiated
[NX v21.1.1 Daemon Server] - 2025-05-22T16:28:23.944Z - Handled FORCE_SHUTDOWN. Handling time: 0. Response time: 1.
[NX v21.1.1 Daemon Server] - 2025-05-22T16:28:23.944Z - Closed a connection. Number of open connections: 0
[NX v21.1.1 Daemon Server] - 2025-05-22T16:28:23.945Z - [WATCHER]: Stopping the watcher for /Users/jonathannorris/git/js-sdks (sources)
[NX v21.1.1 Daemon Server] - 2025-05-22T16:28:23.945Z - [WATCHER]: Stopping the watcher for /Users/jonathannorris/git/js-sdks (outputs)
[NX v21.1.1 Daemon Server] - 2025-05-22T16:28:23.945Z - Server stopped because: "Request to shutdown"
